[    0.000000] Initializing cgroup subsys cpuset
[    0.000000] Initializing cgroup subsys cpu
[    0.000000] Initializing cgroup subsys cpuacct
[    0.000000] Linux version 4.4.0-198-generic (buildd@lgw01-amd64-051) (gcc version 5.4.0 20160609 (Ubuntu 5.4.0-6ubuntu1~16.04.12) ) #230-Ubuntu SMP Sat Nov 28 01:30:29 UTC 2020 (Ubuntu 4.4.0-198.230-generic 4.4.244)
[    0.000000] Command line: BOOT_IMAGE=/boot/vmlinuz-4.4.0-198-generic root=UUID=e1af9248-69a5-413b-8ef9-ebea0755b53c ro console=tty1 console=ttyS0
[    0.000000] KERNEL supported cpus:
[    0.000000]   Intel GenuineIntel
[    0.000000]   AMD AuthenticAMD
[    0.000000]   Centaur CentaurHauls
[    0.000000] x86/fpu: xstate_offset[2]:  576, xstate_sizes[2]:  256
[    0.000000] x86/fpu: Supporting XSAVE feature 0x01: 'x87 floating point registers'
[    0.000000] x86/fpu: Supporting XSAVE feature 0x02: 'SSE registers'
[    0.000000] x86/fpu: Supporting XSAVE feature 0x04: 'AVX registers'
[    0.000000] x86/fpu: Enabled xstate features 0x7, context size is 832 bytes, using 'standard' format.
[    0.000000] e820: BIOS-provided physical RAM map:
[    0.000000] BIOS-e820: [mem 0x0000000000000000-0x000000000009fbff] usable
[    0.000000] BIOS-e820: [mem 0x000000000009fc00-0x000000000009ffff] reserved
[    0.000000] BIOS-e820: [mem 0x00000000000f0000-0x00000000000fffff] reserved
[    0.000000] BIOS-e820: [mem 0x0000000000100000-0x00000000dffeffff] usable
[    0.000000] BIOS-e820: [mem 0x00000000dfff0000-0x00000000dfffffff] ACPI data
[    0.000000] BIOS-e820: [mem 0x00000000fec00000-0x00000000fec00fff] reserved
[    0.000000] BIOS-e820: [mem 0x00000000fee00000-0x00000000fee00fff] reserved
[    0.000000] BIOS-e820: [mem 0x00000000fffc0000-0x00000000ffffffff] reserved
[    0.000000] BIOS-e820: [mem 0x0000000100000000-0x0000000213ffffff] usable
[    0.000000] NX (Execute Disable) protection: active
[    0.000000] SMBIOS 2.5 present.
[    0.000000] Hypervisor detected: KVM
[    0.000000] e820: last_pfn = 0x214000 max_arch_pfn = 0x400000000
[    0.000000] MTRR: Disabled
[    0.000000] x86/PAT: MTRRs disabled, skipping PAT initialization too.
[    0.000000] CPU MTRRs all blank - virtualized system.
[    0.000000] x86/PAT: Configuration [0-7]: WB  WT  UC- UC  WB  WT  UC- UC  
[    0.000000] e820: last_pfn = 0xdfff0 max_arch_pfn = 0x400000000
[    0.000000] found SMP MP-table at [mem 0x0009fff0-0x0009ffff] mapped at [ffff88000009fff0]
[    0.000000] Scanning 1 areas for low memory corruption
[    0.000000] RAMDISK: [mem 0x330b4000-0x35851fff]
[    0.000000] ACPI: Early table checksum verification disabled
[    0.000000] ACPI: RSDP 0x00000000000E0000 000024 (v02 VBOX  )
[    0.000000] ACPI: XSDT 0x00000000DFFF0030 00003C (v01 VBOX   VBOXXSDT 00000001 ASL  00000061)
[    0.000000] ACPI: FACP 0x00000000DFFF00F0 0000F4 (v04 VBOX   VBOXFACP 00000001 ASL  00000061)
[    0.000000] ACPI: DSDT 0x00000000DFFF0480 002325 (v02 VBOX   VBOXBIOS 00000002 INTL 20120111)
[    0.000000] ACPI: FACS 0x00000000DFFF0200 000040
[    0.000000] ACPI: FACS 0x00000000DFFF0200 000040
[    0.000000] ACPI: APIC 0x00000000DFFF0240 00006C (v02 VBOX   VBOXAPIC 00000001 ASL  00000061)
[    0.000000] ACPI: SSDT 0x00000000DFFF02B0 0001CC (v01 VBOX   VBOXCPUT 00000002 INTL 20120111)
[    0.000000] No NUMA configuration found
[    0.000000] Faking a node at [mem 0x0000000000000000-0x0000000213ffffff]
[    0.000000] NODE_DATA(0) allocated [mem 0x213ff5000-0x213ff9fff]
[    0.000000] kvm-clock: Using msrs 4b564d01 and 4b564d00
[    0.000000] kvm-clock: cpu 0, msr 2:13fed001, primary cpu clock
[    0.000000] kvm-clock: using sched offset of 6456403510 cycles
[    0.000000] clocksource: kvm-clock: mask: 0xffffffffffffffff max_cycles: 0x1cd42e4dffb, max_idle_ns: 881590591483 ns
[    0.000000] Zone ranges:
[    0.000000]   DMA      [mem 0x0000000000001000-0x0000000000ffffff]
[    0.000000]   DMA32    [mem 0x0000000001000000-0x00000000ffffffff]
[    0.000000]   Normal   [mem 0x0000000100000000-0x0000000213ffffff]
[    0.000000]   Device   empty
[    0.000000] Movable zone start for each node
[    0.000000] Early memory node ranges
[    0.000000]   node   0: [mem 0x0000000000001000-0x000000000009efff]
[    0.000000]   node   0: [mem 0x0000000000100000-0x00000000dffeffff]
[    0.000000]   node   0: [mem 0x0000000100000000-0x0000000213ffffff]
[    0.000000] Initmem setup node 0 [mem 0x0000000000001000-0x0000000213ffffff]
[    0.000000] ACPI: PM-Timer IO Port: 0x4008
[    0.000000] IOAPIC[0]: apic_id 4, version 32, address 0xfec00000, GSI 0-23
[    0.000000] ACPI: INT_SRC_OVR (bus 0 bus_irq 0 global_irq 2 dfl dfl)
[    0.000000] ACPI: INT_SRC_OVR (bus 0 bus_irq 9 global_irq 9 low level)
[    0.000000] Using ACPI (MADT) for SMP configuration information
[    0.000000] smpboot: Allowing 4 CPUs, 0 hotplug CPUs
[    0.000000] PM: Registered nosave memory: [mem 0x00000000-0x00000fff]
[    0.000000] PM: Registered nosave memory: [mem 0x0009f000-0x0009ffff]
[    0.000000] PM: Registered nosave memory: [mem 0x000a0000-0x000effff]
[    0.000000] PM: Registered nosave memory: [mem 0x000f0000-0x000fffff]
[    0.000000] PM: Registered nosave memory: [mem 0xdfff0000-0xdfffffff]
[    0.000000] PM: Registered nosave memory: [mem 0xe0000000-0xfebfffff]
[    0.000000] PM: Registered nosave memory: [mem 0xfec00000-0xfec00fff]
[    0.000000] PM: Registered nosave memory: [mem 0xfec01000-0xfedfffff]
[    0.000000] PM: Registered nosave memory: [mem 0xfee00000-0xfee00fff]
[    0.000000] PM: Registered nosave memory: [mem 0xfee01000-0xfffbffff]
[    0.000000] PM: Registered nosave memory: [mem 0xfffc0000-0xffffffff]
[    0.000000] e820: [mem 0xe0000000-0xfebfffff] available for PCI devices
[    0.000000] Booting paravirtualized kernel on KVM
[    0.000000] clocksource: refined-jiffies: mask: 0xffffffff max_cycles: 0xffffffff, max_idle_ns: 7645519600211568 ns
[    0.000000] setup_percpu: NR_CPUS:512 nr_cpumask_bits:512 nr_cpu_ids:4 nr_node_ids:1
[    0.000000] PERCPU: Embedded 33 pages/cpu @ffff880213c00000 s95640 r8192 d31336 u524288
[    0.000000] Built 1 zonelists in Node order, mobility grouping on.  Total pages: 2015864
[    0.000000] Policy zone: Normal
[    0.000000] Kernel command line: BOOT_IMAGE=/boot/vmlinuz-4.4.0-198-generic root=UUID=e1af9248-69a5-413b-8ef9-ebea0755b53c ro console=tty1 console=ttyS0
[    0.000000] PID hash table entries: 4096 (order: 3, 32768 bytes)
[    0.000000] Memory: 7936424K/8191544K available (8641K kernel code, 1337K rwdata, 4044K rodata, 1492K init, 1296K bss, 255120K reserved, 0K cma-reserved)
[    0.000000] SLUB: HWalign=64, Order=0-3, MinObjects=0, CPUs=4, Nodes=1
[    0.000000] Kernel/User page tables isolation: enabled
[    0.000000] Hierarchical RCU implementation.
[    0.000000] 	Build-time adjustment of leaf fanout to 64.
[    0.000000] 	RCU restricting CPUs from NR_CPUS=512 to nr_cpu_ids=4.
[    0.000000] RCU: Adjusting geometry for rcu_fanout_leaf=64, nr_cpu_ids=4
[    0.000000] NR_IRQS:33024 nr_irqs:456 16
[    0.000000] Console: colour VGA+ 80x25
[    0.000000] console [tty1] enabled
[    0.000000] console [ttyS0] enabled
[    0.000000] tsc: Detected 2808.000 MHz processor
[    0.358425] Calibrating delay loop (skipped) preset value.. 5616.00 BogoMIPS (lpj=11232000)
[    0.362443] pid_max: default: 32768 minimum: 301
[    0.363891] ACPI: Core revision 20150930
[    0.366364] ACPI: 2 ACPI AML tables successfully acquired and loaded
[    0.368569] Security Framework initialized
[    0.369982] Yama: becoming mindful.
[    0.371044] AppArmor: AppArmor initialized
[    0.373850] Dentry cache hash table entries: 1048576 (order: 11, 8388608 bytes)
[    0.383479] Inode-cache hash table entries: 524288 (order: 10, 4194304 bytes)
[    0.388019] Mount-cache hash table entries: 16384 (order: 5, 131072 bytes)
[    0.390203] Mountpoint-cache hash table entries: 16384 (order: 5, 131072 bytes)
[    0.393923] Initializing cgroup subsys io
[    0.395143] Initializing cgroup subsys memory
[    0.396450] Initializing cgroup subsys devices
[    0.398125] Initializing cgroup subsys freezer
[    0.399413] Initializing cgroup subsys net_cls
[    0.400914] Initializing cgroup subsys perf_event
[    0.402247] Initializing cgroup subsys net_prio
[    0.403474] Initializing cgroup subsys hugetlb
[    0.404709] Initializing cgroup subsys pids
[    0.420633] mce: CPU supports 0 MCE banks
[    0.422012] Last level iTLB entries: 4KB 64, 2MB 8, 4MB 8
[    0.423904] Last level dTLB entries: 4KB 64, 2MB 0, 4MB 0, 1GB 4
[    0.426732] Spectre V1 : Mitigation: usercopy/swapgs barriers and __user pointer sanitization
[    0.430792] Spectre V2 : Mitigation: Full generic retpoline
[    0.432974] Spectre V2 : Spectre v2 / SpectreRSB mitigation: Filling RSB on context switch
[    0.435869] Speculative Store Bypass: Vulnerable
[    0.437502] SRBDS: Unknown: Dependent on hypervisor status
[    0.439605] MDS: Mitigation: Clear CPU buffers
[    0.445264] Freeing SMP alternatives memory: 36K
[    0.454936] ftrace: allocating 32360 entries in 127 pages
[    0.536174] smpboot: APIC(0) Converting physical 0 to logical package 0
[    0.538215] smpboot: Max logical packages: 1
[    0.539692] x2apic enabled
[    0.540778] Switched APIC routing to physical x2apic.
[    0.544352] ..TIMER: vector=0x30 apic1=0 pin1=2 apic2=-1 pin2=-1
[    0.654761] smpboot: CPU0: Intel(R) Core(TM) i7-7700HQ CPU @ 2.80GHz (family: 0x6, model: 0x9e, stepping: 0x9)
[    0.658359] Performance Events: unsupported p6 CPU model 158 no PMU driver, software events only.
[    0.673297] KVM setup paravirtual spinlock
[    0.675591] x86: Booting SMP configuration:
[    0.676926] .... node  #0, CPUs:      #1
[    0.678517] kvm-clock: cpu 1, msr 2:13fed041, secondary cpu clock
[    0.696147] mce: CPU supports 0 MCE banks
[    0.699497]  #2
[    0.700230] kvm-clock: cpu 2, msr 2:13fed081, secondary cpu clock
[    0.716959] mce: CPU supports 0 MCE banks
[    0.720248]  #3
[    0.720919] kvm-clock: cpu 3, msr 2:13fed0c1, secondary cpu clock
[    0.737884] mce: CPU supports 0 MCE banks
[    0.740956] x86: Booted up 1 node, 4 CPUs
[    0.742470] smpboot: Total of 4 processors activated (22464.00 BogoMIPS)
[    0.746597] devtmpfs: initialized
[    0.751033] evm: security.selinux
[    0.752180] evm: security.SMACK64
[    0.753317] evm: security.SMACK64EXEC
[    0.754777] evm: security.SMACK64TRANSMUTE
[    0.756214] evm: security.SMACK64MMAP
[    0.757450] evm: security.ima
[    0.758699] evm: security.capability
[    0.760233] clocksource: jiffies: mask: 0xffffffff max_cycles: 0xffffffff, max_idle_ns: 7645041785100000 ns
[    0.763547] futex hash table entries: 1024 (order: 4, 65536 bytes)
[    0.766522] pinctrl core: initialized pinctrl subsystem
[    0.769170] RTC time: 21:14:00, date: 01/05/21
[    0.771369] NET: Registered protocol family 16
[    0.782928] cpuidle: using governor ladder
[    0.795031] cpuidle: using governor menu
[    0.796769] PCCT header not found.
[    0.798166] ACPI: bus type PCI registered
[    0.799621] acpiphp: ACPI Hot Plug PCI Controller Driver version: 0.5
[    0.801948] PCI: Using configuration type 1 for base access
[    0.816442] ACPI: Added _OSI(Module Device)
[    0.817653] ACPI: Added _OSI(Processor Device)
[    0.818684] ACPI: Added _OSI(3.0 _SCP Extensions)
[    0.819789] ACPI: Added _OSI(Processor Aggregator Device)
[    0.822174] ACPI: Executed 1 blocks of module-level executable AML code
[    0.826230] ACPI: Interpreter enabled
[    0.827311] ACPI: (supports S0 S5)
[    0.828322] ACPI: Using IOAPIC for interrupt routing
[    0.830182] PCI: Using host bridge windows from ACPI; if necessary, use "pci=nocrs" and report a bug
[    0.837885] ACPI: PCI Root Bridge [PCI0] (domain 0000 [bus 00-ff])
[    0.840128] acpi PNP0A03:00: _OSC: OS supports [ASPM ClockPM Segments MSI]
[    0.842231] acpi PNP0A03:00: _OSC: not requesting OS control; OS requires [ExtendedConfig ASPM ClockPM MSI]
[    0.844807] acpi PNP0A03:00: fail to add MMCONFIG information, can't access extended PCI configuration space under this bridge.
[    0.857921] PCI host bridge to bus 0000:00
[    0.859207] pci_bus 0000:00: root bus resource [io  0x0000-0x0cf7 window]
[    0.861166] pci_bus 0000:00: root bus resource [io  0x0d00-0xffff window]
[    0.863459] pci_bus 0000:00: root bus resource [mem 0x000a0000-0x000bffff window]
[    0.865651] pci_bus 0000:00: root bus resource [mem 0xe0000000-0xfdffffff window]
[    0.867900] pci_bus 0000:00: root bus resource [bus 00-ff]
[    0.872878] pci 0000:00:01.1: legacy IDE quirk: reg 0x10: [io  0x01f0-0x01f7]
[    0.874709] pci 0000:00:01.1: legacy IDE quirk: reg 0x14: [io  0x03f6]
[    0.876718] pci 0000:00:01.1: legacy IDE quirk: reg 0x18: [io  0x0170-0x0177]
[    0.879250] pci 0000:00:01.1: legacy IDE quirk: reg 0x1c: [io  0x0376]
[    0.968313] pci 0000:00:07.0: quirk: [io  0x4000-0x403f] claimed by PIIX4 ACPI
[    0.970915] pci 0000:00:07.0: quirk: [io  0x4100-0x410f] claimed by PIIX4 SMB
[    1.032477] ACPI: PCI Interrupt Link [LNKA] (IRQs 5 9 10 *11)
[    1.035571] ACPI: PCI Interrupt Link [LNKB] (IRQs 5 9 *10 11)
[    1.038597] ACPI: PCI Interrupt Link [LNKC] (IRQs 5 *9 10 11)
[    1.041064] ACPI: PCI Interrupt Link [LNKD] (IRQs 5 9 10 *11)
[    1.043331] ACPI: Enabled 2 GPEs in block 00 to 07
[    1.045805] vgaarb: setting as boot device: PCI:0000:00:02.0
[    1.047587] vgaarb: device added: PCI:0000:00:02.0,decodes=io+mem,owns=io+mem,locks=none
[    1.049800] vgaarb: loaded
[    1.050747] vgaarb: bridge control possible 0000:00:02.0
[    1.053080] SCSI subsystem initialized
[    1.054585] ACPI: bus type USB registered
[    1.055917] usbcore: registered new interface driver usbfs
[    1.057469] usbcore: registered new interface driver hub
[    1.059213] usbcore: registered new device driver usb
[    1.061361] PCI: Using ACPI for IRQ routing
[    1.063478] NetLabel: Initializing
[    1.064799] NetLabel:  domain hash size = 128
[    1.065942] NetLabel:  protocols = UNLABELED CIPSOv4
[    1.068171] NetLabel:  unlabeled traffic allowed by default
[    1.071213] amd_nb: Cannot enumerate AMD northbridges
[    1.073027] clocksource: Switched to clocksource kvm-clock
[    1.082701] AppArmor: AppArmor Filesystem Enabled
[    1.084588] pnp: PnP ACPI init
[    1.086980] pnp: PnP ACPI: found 3 devices
[    1.098938] clocksource: acpi_pm: mask: 0xffffff max_cycles: 0xffffff, max_idle_ns: 2085701024 ns
[    1.102286] NET: Registered protocol family 2
[    1.104764] TCP established hash table entries: 65536 (order: 7, 524288 bytes)
[    1.107045] TCP bind hash table entries: 65536 (order: 8, 1048576 bytes)
[    1.109396] TCP: Hash tables configured (established 65536 bind 65536)
[    1.111509] UDP hash table entries: 4096 (order: 5, 131072 bytes)
[    1.113156] UDP-Lite hash table entries: 4096 (order: 5, 131072 bytes)
[    1.116309] NET: Registered protocol family 1
[    1.117695] pci 0000:00:00.0: Limiting direct PCI/PCI transfers
[    1.119854] pci 0000:00:01.0: Activating ISA DMA hang workarounds
[    1.121736] Unpacking initramfs...
[    1.678218] Freeing initrd memory: 40568K
[    1.679601] PCI-DMA: Using software bounce buffering for IO (SWIOTLB)
[    1.681789] software IO TLB: mapped [mem 0xdbff0000-0xdfff0000] (64MB)
[    1.683357] clocksource: tsc: mask: 0xffffffffffffffff max_cycles: 0x2879c5f06f2, max_idle_ns: 440795220049 ns
[    1.685978] platform rtc_cmos: registered platform RTC device (no PNP device found)
[    1.688715] Scanning for low memory corruption every 60 seconds
[    1.693128] audit: initializing netlink subsys (disabled)
[    1.695436] audit: type=2000 audit(1609881249.348:1): initialized
[    1.697335] Initialise system trusted keyring
[    1.699486] HugeTLB registered 2 MB page size, pre-allocated 0 pages
[    1.702266] zbud: loaded
[    1.703394] VFS: Disk quotas dquot_6.6.0
[    1.704464] VFS: Dquot-cache hash table entries: 512 (order 0, 4096 bytes)
[    1.706825] squashfs: version 4.0 (2009/01/31) Phillip Lougher
[    1.708918] fuse init (API version 7.23)
[    1.710227] Key type big_key registered
[    1.711190] Allocating IMA MOK and blacklist keyrings.
[    1.715000] Key type asymmetric registered
[    1.716349] Asymmetric key parser 'x509' registered
[    1.717862] Block layer SCSI generic (bsg) driver version 0.4 loaded (major 249)
[    1.720464] io scheduler noop registered
[    1.721676] io scheduler deadline registered (default)
[    1.723282] io scheduler cfq registered
[    1.724418] pci_hotplug: PCI Hot Plug PCI Core version: 0.5
[    1.726067] pciehp: PCI Express Hot Plug Controller Driver version: 0.4
[    1.728076] ACPI: AC Adapter [AC] (on-line)
[    1.729195] input: Power Button as /devices/LNXSYSTM:00/LNXPWRBN:00/input/input0
[    1.731145] ACPI: Power Button [PWRF]
[    1.732170] input: Sleep Button as /devices/LNXSYSTM:00/LNXSLPBN:00/input/input1
[    1.734119] ACPI: Sleep Button [SLPF]
[    1.735742] GHES: HEST is not enabled!
[    1.737387] Serial: 8250/16550 driver, 32 ports, IRQ sharing enabled
[    1.737465] ACPI: Battery Slot [BAT0] (battery present)
[    1.762250] 00:02: ttyS0 at I/O 0x3f8 (irq = 4, base_baud = 115200) is a 16550A
[    1.766905] Linux agpgart interface v0.103
[    1.772173] loop: module loaded
[    1.774216] scsi host0: ata_piix
[    1.775395] scsi host1: ata_piix
[    1.776248] ata1: PATA max UDMA/33 cmd 0x1f0 ctl 0x3f6 bmdma 0xd000 irq 14
[    1.777973] ata2: PATA max UDMA/33 cmd 0x170 ctl 0x376 bmdma 0xd008 irq 15
[    1.779597] libphy: Fixed MDIO Bus: probed
[    1.780615] tun: Universal TUN/TAP device driver, 1.6
[    1.781876] tun: (C) 1999-2004 Max Krasnyansky <maxk@qualcomm.com>
[    1.783293] PPP generic driver version 2.4.2
[    1.784409] ehci_hcd: USB 2.0 'Enhanced' Host Controller (EHCI) Driver
[    1.786260] ehci-pci: EHCI PCI platform driver
[    1.787635] ehci-platform: EHCI generic platform driver
[    1.788833] ohci_hcd: USB 1.1 'Open' Host Controller (OHCI) Driver
[    1.790269] ohci-pci: OHCI PCI platform driver
[    1.791328] ohci-platform: OHCI generic platform driver
[    1.792524] uhci_hcd: USB Universal Host Controller Interface driver
[    1.794194] i8042: PNP: PS/2 Controller [PNP0303:PS2K,PNP0f03:PS2M] at 0x60,0x64 irq 1,12
[    1.796849] serio: i8042 KBD port at 0x60,0x64 irq 1
[    1.798106] serio: i8042 AUX port at 0x60,0x64 irq 12
[    1.799384] mousedev: PS/2 mouse device common for all mice
[    1.801206] rtc_cmos rtc_cmos: rtc core: registered rtc_cmos as rtc0
[    1.802708] input: AT Translated Set 2 keyboard as /devices/platform/i8042/serio0/input/input2
[    1.804885] rtc_cmos rtc_cmos: alarms up to one day, 114 bytes nvram
[    1.806459] i2c /dev entries driver
[    1.807380] device-mapper: uevent: version 1.0.3
[    1.808512] device-mapper: ioctl: 4.34.0-ioctl (2015-10-28) initialised: dm-devel@redhat.com
[    1.810569] ledtrig-cpu: registered to indicate activity on CPUs
[    1.812445] NET: Registered protocol family 10
[    1.813871] NET: Registered protocol family 17
[    1.814971] Key type dns_resolver registered
[    1.816194] registered taskstats version 1
[    1.817213] Loading compiled-in X.509 certificates
[    1.818855] Loaded X.509 cert 'Build time autogenerated kernel key: 5a978b27f48525e60943fea4f7c8132006960a9d'
[    1.821162] zswap: loaded using pool lzo/zbud
[    1.825006] Key type trusted registered
[    1.831302] Key type encrypted registered
[    1.832824] AppArmor: AppArmor sha1 policy hashing enabled
[    1.834347] ima: No TPM chip found, activating TPM-bypass!
[    1.835786] ima: Allocated hash algorithm: sha1
[    1.836869] evm: HMAC attrs: 0x1
[    1.838512]   Magic number: 5:739:246
[    1.839794] rtc_cmos rtc_cmos: setting system clock to 2021-01-05 21:14:01 UTC (1609881241)
[    1.842217] BIOS EDD facility v0.16 2004-Jun-25, 0 devices found
[    1.843594] EDD information not available.
[    1.960480] Freeing unused kernel memory: 1492K
[    1.961917] Write protecting the kernel read-only data: 14336k
[    1.964570] Freeing unused kernel memory: 1588K
[    1.966256] Freeing unused kernel memory: 52K
Loading, please wait...
starting version 229
[    1.982843] random: systemd-udevd: uninitialized urandom read (16 bytes read, 3 bits of entropy available)
[    1.983435] random: udevadm: uninitialized urandom read (16 bytes read, 3 bits of entropy available)
[    1.983473] random: udevadm: uninitialized urandom read (16 bytes read, 3 bits of entropy available)
[    1.991864] random: systemd-udevd: uninitialized urandom read (16 bytes read, 3 bits of entropy available)
[    1.992465] random: udevadm: uninitialized urandom read (16 bytes read, 3 bits of entropy available)
[    1.992511] random: udevadm: uninitialized urandom read (16 bytes read, 3 bits of entropy available)
[    1.992730] random: udevadm: uninitialized urandom read (16 bytes read, 3 bits of entropy available)
[    1.992784] random: udevadm: uninitialized urandom read (16 bytes read, 3 bits of entropy available)
[    1.992838] random: udevadm: uninitialized urandom read (16 bytes read, 3 bits of entropy available)
[    1.992888] random: udevadm: uninitialized urandom read (16 bytes read, 3 bits of entropy available)
[    2.032840] ACPI: Video Device [GFX0] (multi-head: yes  rom: no  post: no)
[    2.034763] input: Video Bus as /devices/LNXSYSTM:00/LNXSYBUS:00/PNP0A03:00/LNXVIDEO:00/input/input4
[    2.046204] Fusion MPT base driver 3.04.20
[    2.047922] Copyright (c) 1999-2008 LSI Corporation
[    2.049915] e1000: Intel(R) PRO/1000 Network Driver - version 7.3.21-k8-NAPI
[    2.054382] e1000: Copyright (c) 1999-2006 Intel Corporation.
[    2.060143] Fusion MPT SPI Host driver 3.04.20
[    2.066531] AVX2 version of gcm_enc/dec engaged.
[    2.068303] AES CTR mode by8 optimization enabled
[    2.262423] input: ImExPS/2 Generic Explorer Mouse as /devices/platform/i8042/serio1/input/input5
[    2.606749] e1000 0000:00:03.0 eth0: (PCI:33MHz:32-bit) 02:8b:9b:7c:43:4a
[    2.608615] e1000 0000:00:03.0 eth0: Intel(R) PRO/1000 Network Connection
[    2.611075] mptbase: ioc0: Initiating bringup
[    3.749777] ioc0: LSI53C1030 A0: Capabilities={Initiator}
[    6.774946] scsi host2: ioc0: LSI53C1030 A0, FwRev=00000000h, Ports=1, MaxQ=256, IRQ=20
[    8.594541] scsi 2:0:0:0: Direct-Access     VBOX     HARDDISK         1.0  PQ: 0 ANSI: 5
[    8.597363] scsi target2:0:0: Beginning Domain Validation
[    8.602446] scsi target2:0:0: Domain Validation skipping write tests
[    8.603898] scsi target2:0:0: Ending Domain Validation
[    8.605354] scsi target2:0:0: asynchronous
[    8.607007] scsi 2:0:1:0: Direct-Access     VBOX     HARDDISK         1.0  PQ: 0 ANSI: 5
[    8.609472] scsi target2:0:1: Beginning Domain Validation
[    8.613382] scsi target2:0:1: Domain Validation skipping write tests
[    8.614913] scsi target2:0:1: Ending Domain Validation
[    8.616183] scsi target2:0:1: asynchronous
[    8.632735] sd 2:0:0:0: Attached scsi generic sg0 type 0
[    8.634796] sd 2:0:0:0: [sda] 52428800 512-byte logical blocks: (26.8 GB/25.0 GiB)
[    8.637335] sd 2:0:1:0: Attached scsi generic sg1 type 0
[    8.638905] sd 2:0:0:0: [sda] Write Protect is off
[    8.640088] sd 2:0:1:0: [sdb] 20480 512-byte logical blocks: (10.5 MB/10.0 MiB)
[    8.642453] sd 2:0:0:0: [sda] Incomplete mode parameter data
[    8.644213] sd 2:0:0:0: [sda] Assuming drive cache: write through
[    8.646363] sd 2:0:1:0: [sdb] Write Protect is off
[    8.648236] sd 2:0:1:0: [sdb] Incomplete mode parameter data
[    8.650053] sd 2:0:1:0: [sdb] Assuming drive cache: write through
[    8.654003]  sda: sda1
[    8.656232] sd 2:0:0:0: [sda] Attached SCSI disk
[    8.657838] sd 2:0:1:0: [sdb] Attached SCSI disk
[    9.747012] e1000 0000:00:08.0 eth1: (PCI:33MHz:32-bit) 08:00:27:6c:38:d3
[    9.749056] e1000 0000:00:08.0 eth1: Intel(R) PRO/1000 Network Connection
[    9.752389] e1000 0000:00:08.0 enp0s8: renamed from eth1
[    9.765991] e1000 0000:00:03.0 enp0s3: renamed from eth0
Begin: Loading essential drivers ... [   11.470566] md: linear personality registered for level -1
[   11.475572] md: multipath personality registered for level -4
[   11.479899] md: raid0 personality registered for level 0
[   11.487337] md: raid1 personality registered for level 1
[   11.561167] raid6: sse2x1   gen() 11221 MB/s
[   11.629266] raid6: sse2x1   xor()  8233 MB/s
[   11.697418] raid6: sse2x2   gen() 13099 MB/s
[   11.765165] raid6: sse2x2   xor()  9700 MB/s
[   11.833069] raid6: sse2x4   gen() 15638 MB/s
[   11.901161] raid6: sse2x4   xor()  9745 MB/s
[   11.969546] raid6: avx2x1   gen() 17764 MB/s
[   12.037690] raid6: avx2x2   gen() 25721 MB/s
[   12.105635] raid6: avx2x4   gen() 26774 MB/s
[   12.106955] raid6: using algorithm avx2x4 gen() 26774 MB/s
[   12.108469] raid6: using avx2x2 recovery algorithm
[   12.111265] xor: automatically using best checksumming function:
[   12.149348]    avx       : 24856.000 MB/sec
[   12.152299] async_tx: api initialized (async)
[   12.170961] md: raid6 personality registered for level 6
[   12.172655] md: raid5 personality registered for level 5
[   12.174325] md: raid4 personality registered for level 4
[   12.185433] md: raid10 personality registered for level 10
done.
Begin: Running /scripts/init-premount ... done.
Begin: Mounting root file system ... Begin: Running /scripts/local-top ... done.
Begin: Running /scripts/local-premount ... [   12.220220] Btrfs loaded
Scanning for Btrfs filesystems
done.
Warning: fsck not present, so skipping root file system
[   12.258725] EXT4-fs (sda1): mounted filesystem with ordered data mode. Opts: (null)
done.
Begin: Running /scripts/local-bottom ... done.
Begin: Running /scripts/init-bottom ... done.
[   12.394090] systemd[1]: systemd 229 running in system mode. (+PAM +AUDIT +SELINUX +IMA +APPARMOR +SMACK +SYSVINIT +UTMP +LIBCRYPTSETUP +GCRYPT +GNUTLS +ACL +XZ -LZ4 +SECCOMP +BLKID +ELFUTILS +KMOD -IDN)
[   12.399293] systemd[1]: Detected virtualization oracle.
[   12.400972] systemd[1]: Detected architecture x86-64.

Welcome to [1mUbuntu 16.04.7 LTS[0m!

[   12.405976] systemd[1]: Set hostname to <crowdlearn>.
[   12.784827] systemd[1]: Started Trigger resolvconf update for networkd DNS.
[[0;32m  OK  [0m] Started Trigger resolvconf update for networkd DNS.
[   12.788881] systemd[1]: Listening on Journal Audit Socket.
[[0;32m  OK  [0m] Listening on Journal Audit Socket.
[   12.791794] systemd[1]: Listening on /dev/initctl Compatibility Named Pipe.
[[0;32m  OK  [0m] Listening on /dev/initctl Compatibility Named Pipe.
[   12.796059] systemd[1]: Reached target Encrypted Volumes.
[[0;32m  OK  [0m] Reached target Encrypted Volumes.
[   13.185485] systemd[1]: Listening on LVM2 metadata daemon socket.
[[0;32m  OK  [0m] Listening on LVM2 metadata daemon socket.
[   13.343675] systemd[1]: Reached target Swap.
[[0;32m  OK  [0m] Reached target Swap.
[   13.346652] systemd[1]: Set up automount Arbitrary Executable File Formats File System Automount Point.
[[0;32m  OK  [0m] Set up automount Arbitrary Executab...ats File System Automount Point.
[   13.404120] systemd[1]: Listening on Journal Socket.
[[0;32m  OK  [0m] Listening on Journal Socket.
[   13.407713] systemd[1]: Listening on udev Control Socket.
[[0;32m  OK  [0m] Listening on udev Control Socket.
[   13.426814] systemd[1]: Listening on LVM2 poll daemon socket.
[[0;32m  OK  [0m] Listening on LVM2 poll daemon socket.
[   13.431121] systemd[1]: Listening on Syslog Socket.
[[0;32m  OK  [0m] Listening on Syslog Socket.
[   13.434124] systemd[1]: Created slice User and Session Slice.
[[0;32m  OK  [0m] Created slice User and Session Slice.
[   13.436708] systemd[1]: Started Forward Password Requests to Wall Directory Watch.
[[0;32m  OK  [0m] Started Forward Password Requests to Wall Directory Watch.
[   13.440483] systemd[1]: Listening on Device-mapper event daemon FIFOs.
[[0;32m  OK  [0m] Listening on Device-mapper event daemon FIFOs.
[   13.443781] systemd[1]: Reached target System Time Synchronized.
[[0;32m  OK  [0m] Reached target System Time Synchronized.
[   13.446879] systemd[1]: Created slice System Slice.
[[0;32m  OK  [0m] Created slice System Slice.
[   13.538418] systemd[1]: Starting Remount Root and Kernel File Systems...
         Starting Remount Root and Kernel File Systems...
[   13.550393] systemd[1]: Starting Create list of required static device nodes for the current kernel...
[   13.550697] EXT4-fs (sda1): re-mounted. Opts: (null)
         Starting Create list of required st... nodes for the current kernel...
[   13.559755] systemd[1]: Mounting Debug File System...
         Mounting Debug File System...
[   13.571300] systemd[1]: Mounting Huge Pages File System...
         Mounting Huge Pages File System...
[   13.574658] systemd[1]: Reached target Slices.
[[0;32m  OK  [0m] Reached target Slices.
[   13.580905] systemd[1]: Starting Load Kernel Modules...
         Starting Load Kernel Modules...
[   13.585825] systemd[1]: Starting Monitoring of LVM2 mirrors, snapshots etc. using dmeventd or progress polling...
         Starting Monitoring of LVM2 mirrors... dmeventd or progress polling...
[   13.595748] Loading iSCSI transport class v2.0-870.
[   13.596856] systemd[1]: Mounting POSIX Message Queue File System...
         Mounting POSIX Message Queue File System...
[   13.614839] systemd[1]: Starting Nameserver information manager...
[   13.618388] iscsi: registered transport (tcp)
         Starting Nameserver information manager...
[   13.630102] systemd[1]: Created slice system-serial\x2dgetty.slice.
[[0;32m  OK  [0m] Created slice system-serial\x2dgetty.slice.
[   13.634079] systemd[1]: Reached target User and Group Name Lookups.
[[0;32m  OK  [0m] Reached target User and Group Name Lookups.
[   13.639631] systemd[1]: Listening on Journal Socket (/dev/log).
[[0;32m  OK  [0m] Listening on Journal Socket (/dev/log).
[   13.657649] systemd[1]: Starting Uncomplicated firewall...
         Starting Uncomplicated firewall...
[   13.662030] systemd[1]: Listening on udev Kernel Socket.
[[0;32m  OK  [0m] Listening on udev Kernel Socket.
[   13.666993] systemd[1]: Starting Set console keymap...
         Startin[   13.669655] iscsi: registered transport (iser)
g Set console keymap...
[   13.673356] systemd[1]: Starting Journal Service...
         Starting Journal Service...
[   13.685987] systemd[1]: Mounted POSIX Message Queue File System.
[[0;32m  OK  [0m] Mounted POSIX Message Queue File System.
[   13.700585] systemd[1]: Mounted Debug File System.
[[0;32m  OK  [0m] Mounted Debug File System.
[   13.704146] systemd[1]: Mounted Huge Pages File System.
[[0;32m  OK  [0m] Mounted Huge Pages File System.
[   13.708381] systemd[1]: Started Remount Root and Kernel File Systems.
[[0;32m  OK  [0m] Started Remount Root and Kernel File Systems.
[   13.714417] systemd[1]: Started Create list of required static device nodes for the current kernel.
[[0;32m  OK  [0m] Started Create list of required sta...ce nodes for the current kernel.
[   13.721184] systemd[1]: Started Load Kernel Modules.
[[0;32m  OK  [0m] Started Load Kernel Modules.
[   13.743564] systemd[1]: Started Uncomplicated firewall.
[[0;32m  OK  [0m] Started Uncomplicated firewall.
[   13.747924] systemd[1]: Started Set console keymap.
[[0;32m  OK  [0m] Started Set console keymap.
[   13.762331] systemd[1]: Started Nameserver information manager.
[[0;32m  OK  [0m] Started Nameserver information manager.
[   13.772204] systemd[1]: Started Journal Service.
[[0;32m  OK  [0m] Started Journal Service.
[[0;32m  OK  [0m] Started LVM2 metadata daemon.
         Starting Apply Kernel Variables...
         Mounting FUSE Control File System...
         Starting Create Static Device Nodes in /dev...
         Starting Load/Save Random Seed...
         Starting udev Coldplug all Devices...
         Starting Flush Journal to Persistent Storage...
[[0;32m  OK  [0m] Mounted FUSE Control File System.
[[0;32m  OK  [0m] Started Apply Kernel Variables.
[[0;32m  OK  [0m] Started Load/Save Random Seed.
[[0;32m  OK  [0m] Started Create Static Device Nodes in /dev.
         Starting udev Kernel Device Manager...
[[0;32m  OK  [0m] Started Flush Journal to Persistent Storage.
[[0;32m  OK  [0m] Started udev Coldplug all Devices.
[[0;32m  OK  [0m] Started udev Kernel Device Manager.
[[0;32m  OK  [0m] Started Dispatch Password Requests to Console Directory Watch.
[[0;32m  OK  [0m] Started Monitoring of LVM2 mirrors,...ng dmeventd or progress polling.
[[0;32m  OK  [0m] Reached target Local File Systems (Pre).
         Mounting /home/vagrant/collection...
         Mounting /vagrant...
[[0;32m  OK  [0m] Reached target Local File Systems.
         Starting Initial cloud-init job (pre-networking)...
         Starting Create Volatile Files and Directories...
         Starting Tell Plymouth To Write Out Runtime Data...
         Starting Set console font and keymap...
         Starting LSB: AppArmor initialization...
[[0;1;31mFAILED[0m] Failed to mount /home/vagrant/collection.
See 'systemctl status home-vagrant-collection.mount' for details.
[[0;1;31mFAILED[0m] Failed to mount /vagrant.
See 'systemctl status vagrant.mount' for details.
[[0;32m  OK  [0m] Started Tell Plymouth To Write Out Runtime Data.
[[0;32m  OK  [0m] Started Create Volatile Files and Directories.
         Starting Update UTMP about System Boot/Shutdown...
[[0;32m  OK  [0m] Started Update UTMP about System Boot/Shutdown.
[   14.085609] intel_rapl: no valid rapl domains found in package 0
[   14.152261] intel_rapl: no valid rapl domains found in package 0
[   14.227865] intel_rapl: no valid rapl domains found in package 0
[[0;32m  OK  [0m] Found device /dev/ttyS0.
[   14.316595] intel_rapl: no valid rapl domains found in package 0
[[0;32m  OK  [0m] Listening on Load/Save RF Kill Switch Status /dev/rfkill Watch.
[[0;32m  OK  [0m] Started LSB: AppArmor initialization.
[   16.853963] snd_intel8x0 0000:00:05.0: measure - unreliable DMA position..
         Starting Load AppArmor profiles managed internally by snapd...
[[0;32m  OK  [0m] Started Load AppArmor profiles managed internally by snapd.
[[0;32m  OK  [0m] Found device 82540EM Gigabit Ethern...r (PRO/1000 MT Desktop Adapter).
[[0;32m  OK  [0m] Found device 82540EM Gigabit Ethern...r (PRO/1000 MT Desktop Adapter).
[[0;32m  OK  [0m] Started Set console font and keymap.
[[0;32m  OK  [0m] Created slice system-getty.slice.
[   16.707584] cloud-init[519]: Cloud-init v. 20.4-0ubuntu1~16.04.1 running 'init-local' at Tue, 05 Jan 2021 21:14:15 +0000. Up 15.71 seconds.
[   17.213394] snd_intel8x0 0000:00:05.0: measure - unreliable DMA position..
[[0;32m  OK  [0m] Started Initial cloud-init job (pre-networking).
[[0;32m  OK  [0m] Reached target Network (Pre).
[[0;32m  OK  [0m] Started ifup for enp0s3.
         Starting Raise network interfaces...
[[0;32m  OK  [0m] Started ifup for enp0s8.
[   17.617594] snd_intel8x0 0000:00:05.0: measure - unreliable DMA position..
[[0;32m  OK  [0m] Reached target Sound Card.
[[0;32m  OK  [0m] Started Raise network interfaces.
         Starting Initial cloud-init job (metadata service crawler)...
[[0;32m  OK  [0m] Reached target Network.
[   17.996643] cloud-init[1109]: Cloud-init v. 20.4-0ubuntu1~16.04.1 running 'init' at Tue, 05 Jan 2021 21:14:17 +0000. Up 17.72 seconds.
[   18.001230] cloud-init[1109]: ci-info: ++++++++++++++++++++++++++++++++++++++Net device info+++++++++++++++++++++++++++++++++++++++
[   18.005124] cloud-init[1109]: ci-info: +--------+------+-----------------------------+---------------+--------+-------------------+
[   18.008036] cloud-init[1109]: ci-info: | Device |  Up  |           Address           |      Mask     | Scope  |     Hw-Address    |
[   18.011905] cloud-init[1109]: ci-info: +--------+------+-----------------------------+---------------+--------+-------------------+
[   18.015437] cloud-init[1109]: ci-info: | enp0s3 | True |          10.0.2.15          | 255.255.255.0 | global | 02:8b:9b:7c:43:4a |
[   18.018561] cloud-init[1109]: ci-info: | enp0s3 | True |  fe80::8b:9bff:fe7c:434a/64 |       .       |  link  | 02:8b:9b:7c:43:4a |
[   18.028654] cloud-init[1109]: ci-info: | enp0s8 | True |          55.55.55.5         | 255.255.255.0 | global | 08:00:27:6c:38:d3 |
[   18.031648] cloud-init[1109]: ci-info: | enp0s8 | True | fe80::a00:27ff:fe6c:38d3/64 |       .       |  link  | 08:00:27:6c:38:d3 |
[   18.040548] cloud-init[1109]: ci-info: |   lo   | True |          127.0.0.1          |   255.0.0.0   |  host  |         .         |
[   18.043634] cloud-init[1109]: ci-info: |   lo   | True |           ::1/128           |       .       |  host  |         .         |
[   18.047024] cloud-init[1109]: ci-info: +--------+------+-----------------------------+---------------+--------+-------------------+
[   18.050031] cloud-init[1109]: ci-info: +++++++++++++++++++++++++++Route IPv4 info++++++++++++++++++++++++++++
[   18.053484] cloud-init[1109]: ci-info: +-------+-------------+----------+---------------+-----------+-------+
[   18.055982] cloud-init[1109]: ci-info: | Route | Destination | Gateway  |    Genmask    | Interface | Flags |
[   18.064940] cloud-init[1109]: ci-info: +-------+-------------+----------+---------------+-----------+-------+
[   18.068355] cloud-init[1109]: ci-info: |   0   |   0.0.0.0   | 10.0.2.2 |    0.0.0.0    |   enp0s3  |   UG  |
[   18.076890] cloud-init[1109]: ci-info: |   1   |   10.0.2.0  | 0.0.0.0  | 255.255.255.0 |   enp0s3  |   U   |
[   18.080472] cloud-init[1109]: ci-info: |   2   |  55.55.55.0 | 0.0.0.0  | 255.255.255.0 |   enp0s8  |   U   |
[   18.083722] cloud-init[1109]: ci-info: +-------+-------------+----------+---------------+-----------+-------+
[   18.092642] cloud-init[1109]: ci-info: +++++++++++++++++++Route IPv6 info+++++++++++++++++++
[   18.093941] cloud-init[1109]: ci-info: +-------+-------------+---------+-----------+-------+
[   18.100717] cloud-init[1109]: ci-info: | Route | Destination | Gateway | Interface | Flags |
[   18.102816] cloud-init[1109]: ci-info: +-------+-------------+---------+-----------+-------+
[   18.104669] cloud-init[1109]: ci-info: |   0   |  fe80::/64  |    ::   |   enp0s8  |   U   |
[   18.107232] cloud-init[1109]: ci-info: |   1   |  fe80::/64  |    ::   |   enp0s3  |   U   |
[   18.109101] cloud-init[1109]: ci-info: |   4   |   ff00::/8  |    ::   |   enp0s8  |   U   |
[   18.110575] cloud-init[1109]: ci-info: |   5   |   ff00::/8  |    ::   |   enp0s3  |   U   |
[   18.111963] cloud-init[1109]: ci-info: +-------+-------------+---------+-----------+-------+
[[0;32m  OK  [0m] Started Initial cloud-init job (metadata service crawler).
[[0;32m  OK  [0m] Reached target Network is Online.
         Starting iSCSI initiator daemon (iscsid)...
[[0;32m  OK  [0m] Reached target Cloud-config availability.
[[0;32m  OK  [0m] Reached target System Initialization.
[[0;32m  OK  [0m] Started Message of the Day.
[[0;32m  OK  [0m] Listening on D-Bus System Message Bus Socket.
[[0;32m  OK  [0m] Listening on UUID daemon activation socket.
         Starting LXD - unix socket.
[[0;32m  OK  [0m] Started Daily Cleanup of Temporary Directories.
[[0;32m  OK  [0m] Started ACPI Events Check.
[[0;32m  OK  [0m] Reached target Paths.
         Starting Docker Socket for the API.
[[0;32m  OK  [0m] Started Daily apt download activities.
         Starting Socket activation for snappy daemon.
[[0;32m  OK  [0m] Started Daily apt upgrade and clean activities.
[[0;32m  OK  [0m] Reached target Timers.
[[0;32m  OK  [0m] Listening on ACPID Listen Socket.
[[0;32m  OK  [0m] Listening on LXD - unix socket.
[[0;32m  OK  [0m] Listening on Docker Socket for the API.
[[0;32m  OK  [0m] Listening on Socket activation for snappy daemon.
[[0;32m  OK  [0m] Started iSCSI initiator daemon (iscsid).
         Starting Login to default iSCSI targets...
[[0;32m  OK  [0m] Reached target Sockets.
[[0;32m  OK  [0m] Reached target Basic System.
         Starting System Logging Service...
         Starting LSB: MD monitoring daemon...
[[0;32m  OK  [0m] Started Deferred execution scheduler.
[[0;32m  OK  [0m] Started ACPI event daemon.
         Starting Thermal Daemon Service...
         Starting containerd container runtime...
[[0;32m  OK  [0m] Started Regular background program processing daemon.
         Starting Snap Daemon...
         Starting Accounts Service...
         Starting LSB: Record successful boot for GRUB...
         Starting OpenBSD Secure Shell server...
         Starting Virtualbox guest utils...
         Starting Login Service...
         Starting /etc/rc.local Compatibility...
[[0;32m  OK  [0m] Started FUSE filesystem for LXC.
[[0;32m  OK  [0m] Started D-Bus System Message Bus.
         Starting LXD - container startup/shutdown...
[[0;32m  OK  [0m] Started System Logging Service.
[[0;32m  OK  [0m] Started Thermal Daemon Service.
[[0;32m  OK  [0m] Started /etc/rc.local Compatibility.
[[0;32m  OK  [0m] Started OpenBSD Secure Shell server.
[[0;32m  OK  [0m] Started Login Service.
[[0;32m  OK  [0m] Started Unattended Upgrades Shutdown.
         Starting Authenticate and Authorize Users to Run Privileged Tasks...
[[0;32m  OK  [0m] Started LSB: MD monitoring daemon.
[[0;32m  OK  [0m] Started LSB: Record successful boot for GRUB.
[[0;32m  OK  [0m] Started Login to default iSCSI targets.
[[0;32m  OK  [0m] Reached target Remote File Systems (Pre).
[[0;32m  OK  [0m] Reached target Remote File Systems.
         Starting LSB: Set the CPU Frequency Scaling governor to "ondemand"...
         Starting Permit User Sessions...
         Starting LSB: automatic crash report generation...
         Starting LSB: daemon to balance interrupts for SMP systems...
[[0;32m  OK  [0m] Started Permit User Sessions.
         Starting Terminate Plymouth Boot Screen...
         Starting Hold until boot process finishes up...
[[0;32m  OK  [0m] Started Terminate Plymouth Boot Screen.
[[0;32m  OK  [0m] Started Hold until boot process finishes up.
[[0;32m  OK  [0m] Started Authenticate and Authorize Users to Run Privileged Tasks.
[[0;32m  OK  [0m] Started Accounts Service.
         Starting Set console scheme...
[[0;32m  OK  [0m] Started Getty on tty1.
[[0;32m  OK  [0m] Started Serial Getty on ttyS0.
[[0;32m  OK  [0m] Reached target Login Prompts.
[[0;32m  OK  [0m] Started Virtualbox guest utils.
[[0;32m  OK  [0m] Started LSB: Set the CPU Frequency Scaling governor to "ondemand".
[[0;32m  OK  [0m] Started LSB: automatic crash report generation.
[[0;32m  OK  [0m] Started LSB: daemon to balance interrupts for SMP systems.
[[0;32m  OK  [0m] Started Set console scheme.
[[0;32m  OK  [0m] Started LXD - container startup/shutdown.
[[0;32m  OK  [0m] Started Snap Daemon.
         Starting Wait until snapd is fully seeded...
[[0;32m  OK  [0m] Started Wait until snapd is fully seeded.
         Starting Apply the settings specified in cloud-config...
[[0;32m  OK  [0m] Started containerd container runtime.
         Starting Docker Application Container Engine...
[   19.381638] cloud-init[1370]: Cloud-init v. 20.4-0ubuntu1~16.04.1 running 'modules:config' at Tue, 05 Jan 2021 21:14:19 +0000. Up 19.28 seconds.
[[0;32m  OK  [0m] Started Apply the settings specified in cloud-config.
[[0;32m  OK  [0m] Started Docker Application Container Engine.
[[0;32m  OK  [0m] Reached target Multi-User System.
[[0;32m  OK  [0m] Reached target Graphical Interface.
         Starting Execute cloud user/final scripts...
         Starting Update UTMP about System Runlevel Changes...
[[0;32m  OK  [0m] Started Update UTMP about System Runlevel Changes.
[   20.473376] cloud-init[1583]: Cloud-init v. 20.4-0ubuntu1~16.04.1 running 'modules:final' at Tue, 05 Jan 2021 21:14:20 +0000. Up 20.35 seconds.
[   20.484953] cloud-init[1583]: Cloud-init v. 20.4-0ubuntu1~16.04.1 finished at Tue, 05 Jan 2021 21:14:20 +0000. Datasource DataSourceNoCloud [seed=/dev/sdb][dsmode=net].  Up 20.46 seconds
[[0;32m  OK  [0m] Started Execute cloud user/final scripts.
[[0;32m  OK  [0m] Reached target Cloud-init target.

Ubuntu 16.04.7 LTS crowdlearn ttyS0

crowdlearn login: 